2016-05-27 13:08:16 图片存放路径[/Users/hyy/FastWork/send_sms/info/xplan/20160527_130816] create success
2016-05-27 13:08:16 The default user agent is Mozilla/5.0 (Macintosh; Intel Mac OS X) AppleWebKit/538.1 (KHTML, like Gecko) PhantomJS/2.1.1 Safari/538.1
2016-05-27 13:08:16 system args : sms.js,224981,haz_hddc3,Hengda@888,info/xplan,content.txt,var.txt
2016-05-27 13:08:16 打开主页
2016-05-27 13:08:16 [onUrlChanged] http://ums.zj165.com/index.jsp
2016-05-27 13:08:19 ==== 生成 picture_send1.png
2016-05-27 13:08:20 填写登录信息
2016-05-27 13:08:20 [onConsoleMessage] 获取网页标题 : 企业信息服务平台
2016-05-27 13:08:21 ==== 生成 picture_send2.png
2016-05-27 13:08:22 触发登录事件
2016-05-27 13:08:23 [onUrlChanged] http://ums.zj165.com/main/index.do
2016-05-27 13:08:23 ==== 生成 picture_send3.png
2016-05-27 13:08:24 点击[短信标签页]
2016-05-27 13:08:27 ==== 生成 picture_send4.png
2016-05-27 13:08:28 填写[短信内容]
2016-05-27 13:08:28 短信内容:感谢您对恒大厚爱！1000元现金券已加入账户，点击 t.cn/RqCXT8g 凭手机号和初始密码{密码}登录体验！退订回TD
2016-05-27 13:08:28 短信长度:68个字符
2016-05-27 13:08:29 ==== 生成 picture_send5.png
2016-05-27 13:08:30 点击[使用个性化短信]
2016-05-27 13:08:32 ==== 生成 picture_send6.png
2016-05-27 13:08:33 点击[选择文件] 文件路径:var.txt
2016-05-27 13:08:43 ==== 生成 picture_send7.png
2016-05-27 13:08:44 点击[完成 | 忽略并完成]
2016-05-27 13:08:47 ==== 生成 picture_send8.png
2016-05-27 13:08:48 点击[发送]
2016-05-27 13:08:51 ==== 生成 picture_send9.png
2016-05-27 13:08:52 退出程序.
2016-05-27 13:08:52 共生成9张图片
2016-05-27 13:08:52 总耗时40000毫秒
2016-05-27 13:08:52 [onUrlChanged] about:blank
